<?xml version="1.0" encoding="UTF-8"?>
<!-- Generated by org.testng.reporters.JUnitReportReporter -->
<testsuite hostname="DESKTOP-469MOAN" failures="0" tests="3" name="Yellow.Color.NewTest1" time="106.073" errors="0" timestamp="06 Oct 2023 07:46:37 GMT" skipped="0">
  <testcase classname="Yellow.Color.NewTest1" name="f" time="12.318"/>
  <testcase classname="Yellow.Color.NewTest1" name="f" time="15.213"/>
  <testcase classname="Yellow.Color.NewTest1" name="f" time="78.542"/>
</testsuite> <!-- Yellow.Color.NewTest1 -->
